{"contracts/BoostGov.sol":{"l":{"50":20,"51":20,"53":20,"66":9,"81":9,"82":9,"84":9,"100":0,"101":0,"104":0,"105":0,"107":0,"122":0,"140":0,"141":0,"144":0,"159":0,"176":0,"177":0,"286":27,"287":27,"289":27,"290":27,"300":0,"322":0,"325":0,"326":0,"351":4,"355":5,"363":18,"366":18,"370":0,"371":0,"375":0,"376":0,"394":27,"397":27,"398":27,"400":27,"402":27,"419":18,"423":1,"427":14,"431":5,"432":5,"433":5,"437":4,"438":4,"439":4,"443":0,"444":0,"445":0,"501":18,"502":18,"503":18,"507":2,"515":6,"516":4,"527":4,"531":11,"532":3,"533":1,"534":1,"535":1,"536":1,"538":1,"542":6,"543":2,"544":0,"545":0,"546":0,"547":0,"549":0,"553":5,"557":6,"558":4,"562":8,"563":6,"564":0,"567":0,"572":0,"573":0,"575":0,"576":0,"577":0,"578":0,"579":0,"580":0,"592":0,"593":0},"path":"/Users/h/git/aluna/boosted-smart-contracts/contracts/BoostGov.sol","s":{"1":20,"2":20,"3":20,"4":9,"5":9,"6":9,"7":9,"8":0,"9":0,"10":0,"11":0,"12":0,"13":0,"14":0,"15":0,"16":0,"17":0,"18":0,"19":0,"20":27,"21":27,"22":27,"23":0,"24":0,"25":0,"26":0,"27":4,"28":5,"29":18,"30":18,"31":0,"32":0,"33":0,"34":0,"35":27,"36":27,"37":27,"38":27,"39":27,"40":18,"41":1,"42":14,"43":5,"44":5,"45":5,"46":4,"47":4,"48":4,"49":0,"50":0,"51":0,"52":18,"53":18,"54":18,"55":2,"56":6,"57":4,"58":4,"59":11,"60":3,"61":1,"62":1,"63":1,"64":1,"65":1,"66":6,"67":2,"68":0,"69":0,"70":0,"71":0,"72":0,"73":5,"74":6,"75":4,"76":8,"77":6,"78":0,"79":0,"80":0,"81":0,"82":0,"83":0,"84":0,"85":0,"86":0,"87":0,"88":0,"89":0,"90":0},"b":{"1":[20,0],"2":[9,0],"3":[0,0],"4":[0,0],"5":[0,0],"6":[0,0],"7":[0,0],"8":[0,0],"9":[18,0],"10":[27,0],"11":[27,0],"12":[27,0],"13":[27,0],"14":[4,2],"15":[3,8],"16":[1,2],"17":[1,0],"18":[2,4],"19":[0,2],"20":[0,0],"21":[4,2],"22":[6,2],"23":[0,6],"24":[0,0],"25":[0,0],"26":[0,0],"27":[0,0]},"f":{"1":20,"2":9,"3":9,"4":0,"5":0,"6":0,"7":0,"8":0,"9":27,"10":0,"11":0,"12":4,"13":5,"14":18,"15":0,"16":0,"17":27,"18":18,"19":1,"20":14,"21":5,"22":4,"23":0,"24":18,"25":2,"26":6,"27":11,"28":6,"29":5,"30":6,"31":8},"fnMap":{"1":{"name":"add","line":49,"loc":{"start":{"line":49,"column":4},"end":{"line":54,"column":4}}},"2":{"name":"sub","line":65,"loc":{"start":{"line":65,"column":4},"end":{"line":67,"column":4}}},"3":{"name":"sub","line":80,"loc":{"start":{"line":80,"column":4},"end":{"line":85,"column":4}}},"4":{"name":"mul","line":96,"loc":{"start":{"line":96,"column":4},"end":{"line":108,"column":4}}},"5":{"name":"div","line":121,"loc":{"start":{"line":121,"column":4},"end":{"line":123,"column":4}}},"6":{"name":"div","line":138,"loc":{"start":{"line":138,"column":4},"end":{"line":145,"column":4}}},"7":{"name":"mod","line":158,"loc":{"start":{"line":158,"column":4},"end":{"line":160,"column":4}}},"8":{"name":"mod","line":175,"loc":{"start":{"line":175,"column":4},"end":{"line":178,"column":4}}},"9":{"name":"isContract","line":278,"loc":{"start":{"line":278,"column":4},"end":{"line":291,"column":4}}},"10":{"name":"toPayable","line":299,"loc":{"start":{"line":299,"column":4},"end":{"line":301,"column":4}}},"11":{"name":"sendValue","line":321,"loc":{"start":{"line":321,"column":4},"end":{"line":327,"column":4}}},"12":{"name":"safeTransfer","line":350,"loc":{"start":{"line":350,"column":4},"end":{"line":352,"column":4}}},"13":{"name":"safeTransferFrom","line":354,"loc":{"start":{"line":354,"column":4},"end":{"line":356,"column":4}}},"14":{"name":"safeApprove","line":358,"loc":{"start":{"line":358,"column":4},"end":{"line":367,"column":4}}},"15":{"name":"safeIncreaseAllowance","line":369,"loc":{"start":{"line":369,"column":4},"end":{"line":372,"column":4}}},"16":{"name":"safeDecreaseAllowance","line":374,"loc":{"start":{"line":374,"column":4},"end":{"line":377,"column":4}}},"17":{"name":"callOptionalReturn","line":385,"loc":{"start":{"line":385,"column":4},"end":{"line":404,"column":4}}},"18":{"name":"constructor","line":418,"loc":{"start":{"line":418,"column":4},"end":{"line":420,"column":4}}},"19":{"name":"totalSupply","line":422,"loc":{"start":{"line":422,"column":4},"end":{"line":424,"column":4}}},"20":{"name":"balanceOf","line":426,"loc":{"start":{"line":426,"column":4},"end":{"line":428,"column":4}}},"21":{"name":"stake","line":430,"loc":{"start":{"line":430,"column":4},"end":{"line":434,"column":4}}},"22":{"name":"withdraw","line":436,"loc":{"start":{"line":436,"column":4},"end":{"line":440,"column":4}}},"23":{"name":"slash","line":442,"loc":{"start":{"line":442,"column":4},"end":{"line":446,"column":4}}},"24":{"name":"constructor","line":499,"loc":{"start":{"line":497,"column":4},"end":{"line":504,"column":4}}},"25":{"name":"getStablecoin","line":506,"loc":{"start":{"line":506,"column":4},"end":{"line":508,"column":4}}},"26":{"name":"propose","line":510,"loc":{"start":{"line":510,"column":4},"end":{"line":528,"column":4}}},"27":{"name":"voteFor","line":530,"loc":{"start":{"line":530,"column":4},"end":{"line":539,"column":4}}},"28":{"name":"voteAgainst","line":541,"loc":{"start":{"line":541,"column":4},"end":{"line":550,"column":4}}},"29":{"name":"stake","line":552,"loc":{"start":{"line":552,"column":4},"end":{"line":554,"column":4}}},"30":{"name":"withdraw","line":556,"loc":{"start":{"line":556,"column":4},"end":{"line":559,"column":4}}},"31":{"name":"resolveProposal","line":561,"loc":{"start":{"line":561,"column":4},"end":{"line":599,"column":4}}}},"statementMap":{"1":{"start":{"line":50,"column":8},"end":{"line":50,"column":25}},"2":{"start":{"line":51,"column":8},"end":{"line":51,"column":53}},"3":{"start":{"line":53,"column":8},"end":{"line":53,"column":16}},"4":{"start":{"line":66,"column":8},"end":{"line":66,"column":58}},"5":{"start":{"line":81,"column":8},"end":{"line":81,"column":36}},"6":{"start":{"line":82,"column":8},"end":{"line":82,"column":25}},"7":{"start":{"line":84,"column":8},"end":{"line":84,"column":16}},"8":{"start":{"line":100,"column":8},"end":{"line":100,"column":3575}},"9":{"start":{"line":101,"column":12},"end":{"line":101,"column":20}},"10":{"start":{"line":104,"column":8},"end":{"line":104,"column":25}},"11":{"start":{"line":105,"column":8},"end":{"line":105,"column":63}},"12":{"start":{"line":107,"column":8},"end":{"line":107,"column":16}},"13":{"start":{"line":122,"column":8},"end":{"line":122,"column":54}},"14":{"start":{"line":140,"column":8},"end":{"line":140,"column":35}},"15":{"start":{"line":141,"column":8},"end":{"line":141,"column":25}},"16":{"start":{"line":144,"column":8},"end":{"line":144,"column":16}},"17":{"start":{"line":159,"column":8},"end":{"line":159,"column":52}},"18":{"start":{"line":176,"column":8},"end":{"line":176,"column":36}},"19":{"start":{"line":177,"column":8},"end":{"line":177,"column":20}},"20":{"start":{"line":286,"column":8},"end":{"line":286,"column":24}},"21":{"start":{"line":287,"column":8},"end":{"line":287,"column":96}},"22":{"start":{"line":290,"column":8},"end":{"line":290,"column":59}},"23":{"start":{"line":300,"column":8},"end":{"line":300,"column":40}},"24":{"start":{"line":322,"column":8},"end":{"line":322,"column":80}},"25":{"start":{"line":325,"column":8},"end":{"line":325,"column":59}},"26":{"start":{"line":326,"column":8},"end":{"line":326,"column":85}},"27":{"start":{"line":351,"column":8},"end":{"line":351,"column":92}},"28":{"start":{"line":355,"column":8},"end":{"line":355,"column":102}},"29":{"start":{"line":363,"column":8},"end":{"line":363,"column":13609}},"30":{"start":{"line":366,"column":8},"end":{"line":366,"column":96}},"31":{"start":{"line":370,"column":8},"end":{"line":370,"column":81}},"32":{"start":{"line":371,"column":8},"end":{"line":371,"column":103}},"33":{"start":{"line":375,"column":8},"end":{"line":375,"column":126}},"34":{"start":{"line":376,"column":8},"end":{"line":376,"column":103}},"35":{"start":{"line":394,"column":8},"end":{"line":394,"column":78}},"36":{"start":{"line":397,"column":8},"end":{"line":397,"column":75}},"37":{"start":{"line":398,"column":8},"end":{"line":398,"column":59}},"38":{"start":{"line":400,"column":8},"end":{"line":400,"column":15737}},"39":{"start":{"line":402,"column":12},"end":{"line":402,"column":96}},"40":{"start":{"line":419,"column":8},"end":{"line":419,"column":31}},"41":{"start":{"line":423,"column":8},"end":{"line":423,"column":27}},"42":{"start":{"line":427,"column":8},"end":{"line":427,"column":33}},"43":{"start":{"line":431,"column":8},"end":{"line":431,"column":46}},"44":{"start":{"line":432,"column":8},"end":{"line":432,"column":64}},"45":{"start":{"line":433,"column":8},"end":{"line":433,"column":69}},"46":{"start":{"line":437,"column":8},"end":{"line":437,"column":46}},"47":{"start":{"line":438,"column":8},"end":{"line":438,"column":64}},"48":{"start":{"line":439,"column":8},"end":{"line":439,"column":50}},"49":{"start":{"line":443,"column":8},"end":{"line":443,"column":35}},"50":{"start":{"line":444,"column":8},"end":{"line":444,"column":46}},"51":{"start":{"line":445,"column":8},"end":{"line":445,"column":30}},"52":{"start":{"line":501,"column":8},"end":{"line":501,"column":31}},"53":{"start":{"line":502,"column":8},"end":{"line":502,"column":67}},"54":{"start":{"line":503,"column":8},"end":{"line":503,"column":37}},"55":{"start":{"line":507,"column":8},"end":{"line":507,"column":34}},"56":{"start":{"line":515,"column":8},"end":{"line":515,"column":67}},"57":{"start":{"line":516,"column":8},"end":{"line":516,"column":19323}},"58":{"start":{"line":527,"column":8},"end":{"line":527,"column":61}},"59":{"start":{"line":531,"column":8},"end":{"line":531,"column":64}},"60":{"start":{"line":532,"column":8},"end":{"line":532,"column":60}},"61":{"start":{"line":533,"column":8},"end":{"line":533,"column":82}},"62":{"start":{"line":534,"column":8},"end":{"line":534,"column":85}},"63":{"start":{"line":535,"column":8},"end":{"line":535,"column":75}},"64":{"start":{"line":536,"column":8},"end":{"line":536,"column":65}},"65":{"start":{"line":538,"column":8},"end":{"line":538,"column":61}},"66":{"start":{"line":542,"column":8},"end":{"line":542,"column":64}},"67":{"start":{"line":543,"column":8},"end":{"line":543,"column":60}},"68":{"start":{"line":544,"column":8},"end":{"line":544,"column":78}},"69":{"start":{"line":545,"column":8},"end":{"line":545,"column":89}},"70":{"start":{"line":546,"column":8},"end":{"line":546,"column":83}},"71":{"start":{"line":547,"column":8},"end":{"line":547,"column":69}},"72":{"start":{"line":549,"column":8},"end":{"line":549,"column":61}},"73":{"start":{"line":553,"column":8},"end":{"line":553,"column":26}},"74":{"start":{"line":557,"column":8},"end":{"line":557,"column":71}},"75":{"start":{"line":558,"column":8},"end":{"line":558,"column":29}},"76":{"start":{"line":562,"column":8},"end":{"line":562,"column":77}},"77":{"start":{"line":563,"column":8},"end":{"line":563,"column":72}},"78":{"start":{"line":564,"column":8},"end":{"line":564,"column":62}},"79":{"start":{"line":567,"column":8},"end":{"line":567,"column":21529}},"80":{"start":{"line":572,"column":8},"end":{"line":572,"column":39}},"81":{"start":{"line":573,"column":8},"end":{"line":573,"column":21726}},"82":{"start":{"line":575,"column":12},"end":{"line":575,"column":58}},"83":{"start":{"line":576,"column":12},"end":{"line":576,"column":60}},"84":{"start":{"line":577,"column":12},"end":{"line":577,"column":48}},"85":{"start":{"line":578,"column":12},"end":{"line":578,"column":49}},"86":{"start":{"line":579,"column":12},"end":{"line":579,"column":48}},"87":{"start":{"line":580,"column":12},"end":{"line":580,"column":22177}},"88":{"start":{"line":587,"column":15},"end":{"line":587,"column":22385}},"89":{"start":{"line":592,"column":12},"end":{"line":592,"column":22588}},"90":{"start":{"line":593,"column":16},"end":{"line":593,"column":22683}}},"branchMap":{"1":{"line":51,"type":"if","locations":[{"start":{"line":51,"column":8},"end":{"line":51,"column":8}},{"start":{"line":51,"column":8},"end":{"line":51,"column":8}}]},"2":{"line":81,"type":"if","locations":[{"start":{"line":81,"column":8},"end":{"line":81,"column":8}},{"start":{"line":81,"column":8},"end":{"line":81,"column":8}}]},"3":{"line":100,"type":"if","locations":[{"start":{"line":100,"column":8},"end":{"line":100,"column":8}},{"start":{"line":100,"column":8},"end":{"line":100,"column":8}}]},"4":{"line":105,"type":"if","locations":[{"start":{"line":105,"column":8},"end":{"line":105,"column":8}},{"start":{"line":105,"column":8},"end":{"line":105,"column":8}}]},"5":{"line":140,"type":"if","locations":[{"start":{"line":140,"column":8},"end":{"line":140,"column":8}},{"start":{"line":140,"column":8},"end":{"line":140,"column":8}}]},"6":{"line":176,"type":"if","locations":[{"start":{"line":176,"column":8},"end":{"line":176,"column":8}},{"start":{"line":176,"column":8},"end":{"line":176,"column":8}}]},"7":{"line":322,"type":"if","locations":[{"start":{"line":322,"column":8},"end":{"line":322,"column":8}},{"start":{"line":322,"column":8},"end":{"line":322,"column":8}}]},"8":{"line":326,"type":"if","locations":[{"start":{"line":326,"column":8},"end":{"line":326,"column":8}},{"start":{"line":326,"column":8},"end":{"line":326,"column":8}}]},"9":{"line":363,"type":"if","locations":[{"start":{"line":363,"column":8},"end":{"line":363,"column":8}},{"start":{"line":363,"column":8},"end":{"line":363,"column":8}}]},"10":{"line":394,"type":"if","locations":[{"start":{"line":394,"column":8},"end":{"line":394,"column":8}},{"start":{"line":394,"column":8},"end":{"line":394,"column":8}}]},"11":{"line":398,"type":"if","locations":[{"start":{"line":398,"column":8},"end":{"line":398,"column":8}},{"start":{"line":398,"column":8},"end":{"line":398,"column":8}}]},"12":{"line":400,"type":"if","locations":[{"start":{"line":400,"column":8},"end":{"line":400,"column":8}},{"start":{"line":400,"column":8},"end":{"line":400,"column":8}}]},"13":{"line":402,"type":"if","locations":[{"start":{"line":402,"column":12},"end":{"line":402,"column":12}},{"start":{"line":402,"column":12},"end":{"line":402,"column":12}}]},"14":{"line":515,"type":"if","locations":[{"start":{"line":515,"column":8},"end":{"line":515,"column":8}},{"start":{"line":515,"column":8},"end":{"line":515,"column":8}}]},"15":{"line":531,"type":"if","locations":[{"start":{"line":531,"column":8},"end":{"line":531,"column":8}},{"start":{"line":531,"column":8},"end":{"line":531,"column":8}}]},"16":{"line":532,"type":"if","locations":[{"start":{"line":532,"column":8},"end":{"line":532,"column":8}},{"start":{"line":532,"column":8},"end":{"line":532,"column":8}}]},"17":{"line":533,"type":"if","locations":[{"start":{"line":533,"column":8},"end":{"line":533,"column":8}},{"start":{"line":533,"column":8},"end":{"line":533,"column":8}}]},"18":{"line":542,"type":"if","locations":[{"start":{"line":542,"column":8},"end":{"line":542,"column":8}},{"start":{"line":542,"column":8},"end":{"line":542,"column":8}}]},"19":{"line":543,"type":"if","locations":[{"start":{"line":543,"column":8},"end":{"line":543,"column":8}},{"start":{"line":543,"column":8},"end":{"line":543,"column":8}}]},"20":{"line":544,"type":"if","locations":[{"start":{"line":544,"column":8},"end":{"line":544,"column":8}},{"start":{"line":544,"column":8},"end":{"line":544,"column":8}}]},"21":{"line":557,"type":"if","locations":[{"start":{"line":557,"column":8},"end":{"line":557,"column":8}},{"start":{"line":557,"column":8},"end":{"line":557,"column":8}}]},"22":{"line":562,"type":"if","locations":[{"start":{"line":562,"column":8},"end":{"line":562,"column":8}},{"start":{"line":562,"column":8},"end":{"line":562,"column":8}}]},"23":{"line":563,"type":"if","locations":[{"start":{"line":563,"column":8},"end":{"line":563,"column":8}},{"start":{"line":563,"column":8},"end":{"line":563,"column":8}}]},"24":{"line":564,"type":"if","locations":[{"start":{"line":564,"column":8},"end":{"line":564,"column":8}},{"start":{"line":564,"column":8},"end":{"line":564,"column":8}}]},"25":{"line":573,"type":"if","locations":[{"start":{"line":573,"column":8},"end":{"line":573,"column":8}},{"start":{"line":573,"column":8},"end":{"line":573,"column":8}}]},"26":{"line":587,"type":"if","locations":[{"start":{"line":587,"column":15},"end":{"line":587,"column":15}},{"start":{"line":587,"column":15},"end":{"line":587,"column":15}}]},"27":{"line":592,"type":"if","locations":[{"start":{"line":592,"column":12},"end":{"line":592,"column":12}},{"start":{"line":592,"column":12},"end":{"line":592,"column":12}}]}}},"contracts/BoostRewardsPool.sol":{"l":{"34":0,"41":61,"50":0,"80":116,"81":116,"83":116,"96":70,"111":70,"112":70,"114":70,"130":95,"131":76,"134":19,"135":19,"137":19,"152":73,"170":73,"171":73,"174":73,"189":0,"206":0,"207":0,"230":24,"234":0,"235":0,"259":17,"260":17,"267":0,"274":7,"275":7,"282":7,"293":1,"294":1,"302":0,"309":0,"310":0,"311":0,"429":10,"430":10,"432":10,"433":10,"443":0,"465":0,"468":0,"469":0,"490":2,"494":8,"502":0,"505":0,"509":0,"510":0,"514":0,"515":0,"533":10,"536":10,"537":10,"539":10,"541":10,"559":17,"563":0,"567":26,"571":9,"572":9,"577":2,"578":2,"629":37,"630":23,"634":43,"635":43,"636":43,"637":37,"638":37,"640":43,"652":17,"653":17,"654":17,"655":17,"656":17,"657":17,"658":17,"662":61,"666":81,"667":63,"669":18,"680":38,"689":9,"690":9,"693":9,"699":7,"702":7,"706":2,"707":2,"710":2,"712":2,"716":3,"717":1,"721":1,"722":1,"723":0,"724":0,"725":0,"730":11,"738":1,"741":1,"742":1,"743":1,"746":1,"748":1,"751":1,"753":1,"755":1,"757":1,"758":1,"759":1,"763":0,"764":0,"765":0,"768":0,"769":0,"770":0,"771":0,"772":0,"786":6,"787":6,"788":6,"789":6,"795":2,"796":2,"797":2,"798":2,"803":10,"806":10,"807":10,"809":10},"path":"/Users/h/git/aluna/boosted-smart-contracts/contracts/BoostRewardsPool.sol","s":{"1":0,"2":61,"3":0,"4":116,"5":116,"6":116,"7":70,"8":70,"9":70,"10":70,"11":95,"12":76,"13":19,"14":19,"15":19,"16":73,"17":73,"18":73,"19":73,"20":0,"21":0,"22":0,"23":24,"24":0,"25":17,"26":17,"27":0,"28":7,"29":7,"30":1,"31":1,"32":0,"33":0,"34":0,"35":0,"36":10,"37":10,"38":10,"39":0,"40":0,"41":0,"42":0,"43":2,"44":8,"45":0,"46":0,"47":0,"48":0,"49":0,"50":0,"51":10,"52":10,"53":10,"54":10,"55":10,"56":17,"57":0,"58":26,"59":9,"60":9,"61":2,"62":2,"63":37,"64":43,"65":43,"66":43,"67":37,"68":37,"69":17,"70":17,"71":17,"72":17,"73":17,"74":17,"75":17,"76":61,"77":81,"78":63,"79":18,"80":38,"81":9,"82":9,"83":9,"84":7,"85":7,"86":2,"87":2,"88":2,"89":2,"90":3,"91":1,"92":1,"93":1,"94":0,"95":0,"96":0,"97":11,"98":1,"99":1,"100":1,"101":1,"102":1,"103":1,"104":1,"105":1,"106":1,"107":1,"108":1,"109":1,"110":0,"111":0,"112":0,"113":0,"114":0,"115":0,"116":0,"117":0,"118":6,"119":6,"120":6,"121":6,"122":2,"123":2,"124":2,"125":2,"126":10,"127":10,"128":10,"129":10},"b":{"1":[116,0],"2":[70,0],"3":[76,19],"4":[19,0],"5":[73,0],"6":[0,0],"7":[7,0],"8":[0,0],"9":[0,0],"10":[0,0],"11":[0,0],"12":[10,0],"13":[10,0],"14":[10,0],"15":[10,0],"16":[23,14],"17":[37,6],"18":[63,18],"19":[9,0],"20":[7,2],"21":[2,0],"22":[0,1],"23":[1,10],"24":[1,0],"25":[1,0],"26":[2,0]},"f":{"1":0,"2":61,"3":0,"4":116,"5":70,"6":70,"7":95,"8":73,"9":73,"10":0,"11":0,"12":17,"13":24,"14":0,"15":17,"16":0,"17":7,"18":7,"19":1,"20":0,"21":0,"22":10,"23":0,"24":0,"25":2,"26":8,"27":0,"28":0,"29":0,"30":10,"31":17,"32":0,"33":26,"34":9,"35":2,"36":37,"37":43,"38":17,"39":61,"40":81,"41":38,"42":9,"43":2,"44":3,"45":1,"46":11,"47":6,"48":2,"49":10},"fnMap":{"1":{"name":"max","line":33,"loc":{"start":{"line":33,"column":4},"end":{"line":35,"column":4}}},"2":{"name":"min","line":40,"loc":{"start":{"line":40,"column":4},"end":{"line":42,"column":4}}},"3":{"name":"average","line":48,"loc":{"start":{"line":48,"column":4},"end":{"line":51,"column":4}}},"4":{"name":"add","line":79,"loc":{"start":{"line":79,"column":4},"end":{"line":84,"column":4}}},"5":{"name":"sub","line":95,"loc":{"start":{"line":95,"column":4},"end":{"line":97,"column":4}}},"6":{"name":"sub","line":110,"loc":{"start":{"line":110,"column":4},"end":{"line":115,"column":4}}},"7":{"name":"mul","line":126,"loc":{"start":{"line":126,"column":4},"end":{"line":138,"column":4}}},"8":{"name":"div","line":151,"loc":{"start":{"line":151,"column":4},"end":{"line":153,"column":4}}},"9":{"name":"div","line":168,"loc":{"start":{"line":168,"column":4},"end":{"line":175,"column":4}}},"10":{"name":"mod","line":188,"loc":{"start":{"line":188,"column":4},"end":{"line":190,"column":4}}},"11":{"name":"mod","line":205,"loc":{"start":{"line":205,"column":4},"end":{"line":208,"column":4}}},"12":{"name":"constructor","line":226,"loc":{"start":{"line":226,"column":4},"end":{"line":226,"column":30}}},"13":{"name":"_msgSender","line":229,"loc":{"start":{"line":229,"column":4},"end":{"line":231,"column":4}}},"14":{"name":"_msgData","line":233,"loc":{"start":{"line":233,"column":4},"end":{"line":236,"column":4}}},"15":{"name":"constructor","line":258,"loc":{"start":{"line":258,"column":4},"end":{"line":261,"column":4}}},"16":{"name":"owner","line":266,"loc":{"start":{"line":266,"column":4},"end":{"line":268,"column":4}}},"17":{"name":"onlyOwner","line":273,"loc":{"start":{"line":273,"column":4},"end":{"line":276,"column":4}}},"18":{"name":"isOwner","line":281,"loc":{"start":{"line":281,"column":4},"end":{"line":283,"column":4}}},"19":{"name":"renounceOwnership","line":292,"loc":{"start":{"line":292,"column":4},"end":{"line":295,"column":4}}},"20":{"name":"transferOwnership","line":301,"loc":{"start":{"line":301,"column":4},"end":{"line":303,"column":4}}},"21":{"name":"_transferOwnership","line":308,"loc":{"start":{"line":308,"column":4},"end":{"line":312,"column":4}}},"22":{"name":"isContract","line":421,"loc":{"start":{"line":421,"column":4},"end":{"line":434,"column":4}}},"23":{"name":"toPayable","line":442,"loc":{"start":{"line":442,"column":4},"end":{"line":444,"column":4}}},"24":{"name":"sendValue","line":464,"loc":{"start":{"line":464,"column":4},"end":{"line":470,"column":4}}},"25":{"name":"safeTransfer","line":489,"loc":{"start":{"line":489,"column":4},"end":{"line":491,"column":4}}},"26":{"name":"safeTransferFrom","line":493,"loc":{"start":{"line":493,"column":4},"end":{"line":495,"column":4}}},"27":{"name":"safeApprove","line":497,"loc":{"start":{"line":497,"column":4},"end":{"line":506,"column":4}}},"28":{"name":"safeIncreaseAllowance","line":508,"loc":{"start":{"line":508,"column":4},"end":{"line":511,"column":4}}},"29":{"name":"safeDecreaseAllowance","line":513,"loc":{"start":{"line":513,"column":4},"end":{"line":516,"column":4}}},"30":{"name":"callOptionalReturn","line":524,"loc":{"start":{"line":524,"column":4},"end":{"line":543,"column":4}}},"31":{"name":"constructor","line":558,"loc":{"start":{"line":558,"column":4},"end":{"line":560,"column":4}}},"32":{"name":"totalSupply","line":562,"loc":{"start":{"line":562,"column":4},"end":{"line":564,"column":4}}},"33":{"name":"balanceOf","line":566,"loc":{"start":{"line":566,"column":4},"end":{"line":568,"column":4}}},"34":{"name":"stake","line":570,"loc":{"start":{"line":570,"column":4},"end":{"line":574,"column":4}}},"35":{"name":"withdraw","line":576,"loc":{"start":{"line":576,"column":4},"end":{"line":580,"column":4}}},"36":{"name":"checkStart","line":628,"loc":{"start":{"line":628,"column":4},"end":{"line":631,"column":4}}},"37":{"name":"updateReward","line":633,"loc":{"start":{"line":633,"column":4},"end":{"line":641,"column":4}}},"38":{"name":"constructor","line":651,"loc":{"start":{"line":643,"column":4},"end":{"line":659,"column":4}}},"39":{"name":"lastTimeRewardApplicable","line":661,"loc":{"start":{"line":661,"column":4},"end":{"line":663,"column":4}}},"40":{"name":"rewardPerToken","line":665,"loc":{"start":{"line":665,"column":4},"end":{"line":677,"column":4}}},"41":{"name":"earned","line":679,"loc":{"start":{"line":679,"column":4},"end":{"line":685,"column":4}}},"42":{"name":"stake","line":688,"loc":{"start":{"line":688,"column":4},"end":{"line":703,"column":4}}},"43":{"name":"withdraw","line":705,"loc":{"start":{"line":705,"column":4},"end":{"line":713,"column":4}}},"44":{"name":"exit","line":715,"loc":{"start":{"line":715,"column":4},"end":{"line":718,"column":4}}},"45":{"name":"getReward","line":720,"loc":{"start":{"line":720,"column":4},"end":{"line":727,"column":4}}},"46":{"name":"boost","line":729,"loc":{"start":{"line":729,"column":4},"end":{"line":779,"column":4}}},"47":{"name":"notifyRewardAmount","line":784,"loc":{"start":{"line":781,"column":4},"end":{"line":790,"column":4}}},"48":{"name":"setGovernance","line":792,"loc":{"start":{"line":792,"column":4},"end":{"line":799,"column":4}}},"49":{"name":"updateBoostBalanceAndSupply","line":801,"loc":{"start":{"line":801,"column":4},"end":{"line":810,"column":4}}}},"statementMap":{"1":{"start":{"line":34,"column":8},"end":{"line":34,"column":29}},"2":{"start":{"line":41,"column":8},"end":{"line":41,"column":28}},"3":{"start":{"line":50,"column":8},"end":{"line":50,"column":56}},"4":{"start":{"line":80,"column":8},"end":{"line":80,"column":25}},"5":{"start":{"line":81,"column":8},"end":{"line":81,"column":53}},"6":{"start":{"line":83,"column":8},"end":{"line":83,"column":16}},"7":{"start":{"line":96,"column":8},"end":{"line":96,"column":58}},"8":{"start":{"line":111,"column":8},"end":{"line":111,"column":36}},"9":{"start":{"line":112,"column":8},"end":{"line":112,"column":25}},"10":{"start":{"line":114,"column":8},"end":{"line":114,"column":16}},"11":{"start":{"line":130,"column":8},"end":{"line":130,"column":4345}},"12":{"start":{"line":131,"column":12},"end":{"line":131,"column":20}},"13":{"start":{"line":134,"column":8},"end":{"line":134,"column":25}},"14":{"start":{"line":135,"column":8},"end":{"line":135,"column":63}},"15":{"start":{"line":137,"column":8},"end":{"line":137,"column":16}},"16":{"start":{"line":152,"column":8},"end":{"line":152,"column":54}},"17":{"start":{"line":170,"column":8},"end":{"line":170,"column":35}},"18":{"start":{"line":171,"column":8},"end":{"line":171,"column":25}},"19":{"start":{"line":174,"column":8},"end":{"line":174,"column":16}},"20":{"start":{"line":189,"column":8},"end":{"line":189,"column":52}},"21":{"start":{"line":206,"column":8},"end":{"line":206,"column":36}},"22":{"start":{"line":207,"column":8},"end":{"line":207,"column":20}},"23":{"start":{"line":230,"column":8},"end":{"line":230,"column":25}},"24":{"start":{"line":235,"column":8},"end":{"line":235,"column":23}},"25":{"start":{"line":259,"column":8},"end":{"line":259,"column":28}},"26":{"start":{"line":260,"column":8},"end":{"line":260,"column":53}},"27":{"start":{"line":267,"column":8},"end":{"line":267,"column":21}},"28":{"start":{"line":274,"column":8},"end":{"line":274,"column":61}},"29":{"start":{"line":282,"column":8},"end":{"line":282,"column":37}},"30":{"start":{"line":293,"column":8},"end":{"line":293,"column":53}},"31":{"start":{"line":294,"column":8},"end":{"line":294,"column":26}},"32":{"start":{"line":302,"column":8},"end":{"line":302,"column":35}},"33":{"start":{"line":309,"column":8},"end":{"line":309,"column":80}},"34":{"start":{"line":310,"column":8},"end":{"line":310,"column":51}},"35":{"start":{"line":311,"column":8},"end":{"line":311,"column":24}},"36":{"start":{"line":429,"column":8},"end":{"line":429,"column":24}},"37":{"start":{"line":430,"column":8},"end":{"line":430,"column":96}},"38":{"start":{"line":433,"column":8},"end":{"line":433,"column":59}},"39":{"start":{"line":443,"column":8},"end":{"line":443,"column":40}},"40":{"start":{"line":465,"column":8},"end":{"line":465,"column":80}},"41":{"start":{"line":468,"column":8},"end":{"line":468,"column":59}},"42":{"start":{"line":469,"column":8},"end":{"line":469,"column":85}},"43":{"start":{"line":490,"column":8},"end":{"line":490,"column":92}},"44":{"start":{"line":494,"column":8},"end":{"line":494,"column":102}},"45":{"start":{"line":502,"column":8},"end":{"line":502,"column":18438}},"46":{"start":{"line":505,"column":8},"end":{"line":505,"column":96}},"47":{"start":{"line":509,"column":8},"end":{"line":509,"column":81}},"48":{"start":{"line":510,"column":8},"end":{"line":510,"column":103}},"49":{"start":{"line":514,"column":8},"end":{"line":514,"column":126}},"50":{"start":{"line":515,"column":8},"end":{"line":515,"column":103}},"51":{"start":{"line":533,"column":8},"end":{"line":533,"column":78}},"52":{"start":{"line":536,"column":8},"end":{"line":536,"column":75}},"53":{"start":{"line":537,"column":8},"end":{"line":537,"column":59}},"54":{"start":{"line":539,"column":8},"end":{"line":539,"column":20566}},"55":{"start":{"line":541,"column":12},"end":{"line":541,"column":96}},"56":{"start":{"line":559,"column":8},"end":{"line":559,"column":31}},"57":{"start":{"line":563,"column":8},"end":{"line":563,"column":27}},"58":{"start":{"line":567,"column":8},"end":{"line":567,"column":33}},"59":{"start":{"line":571,"column":8},"end":{"line":571,"column":46}},"60":{"start":{"line":572,"column":8},"end":{"line":572,"column":64}},"61":{"start":{"line":577,"column":8},"end":{"line":577,"column":46}},"62":{"start":{"line":578,"column":8},"end":{"line":578,"column":64}},"63":{"start":{"line":629,"column":8},"end":{"line":629,"column":56}},"64":{"start":{"line":634,"column":8},"end":{"line":634,"column":46}},"65":{"start":{"line":635,"column":8},"end":{"line":635,"column":50}},"66":{"start":{"line":636,"column":8},"end":{"line":636,"column":23710}},"67":{"start":{"line":637,"column":12},"end":{"line":637,"column":45}},"68":{"start":{"line":638,"column":12},"end":{"line":638,"column":65}},"69":{"start":{"line":652,"column":8},"end":{"line":652,"column":39}},"70":{"start":{"line":653,"column":8},"end":{"line":653,"column":31}},"71":{"start":{"line":654,"column":8},"end":{"line":654,"column":63}},"72":{"start":{"line":655,"column":8},"end":{"line":655,"column":43}},"73":{"start":{"line":656,"column":8},"end":{"line":656,"column":37}},"74":{"start":{"line":657,"column":8},"end":{"line":657,"column":29}},"75":{"start":{"line":658,"column":8},"end":{"line":658,"column":27}},"76":{"start":{"line":662,"column":8},"end":{"line":662,"column":54}},"77":{"start":{"line":666,"column":8},"end":{"line":666,"column":24665}},"78":{"start":{"line":667,"column":12},"end":{"line":667,"column":39}},"79":{"start":{"line":669,"column":8},"end":{"line":669,"column":24760}},"80":{"start":{"line":680,"column":8},"end":{"line":680,"column":25126}},"81":{"start":{"line":689,"column":8},"end":{"line":689,"column":44}},"82":{"start":{"line":690,"column":8},"end":{"line":690,"column":26}},"83":{"start":{"line":693,"column":8},"end":{"line":693,"column":25563}},"84":{"start":{"line":699,"column":8},"end":{"line":699,"column":46}},"85":{"start":{"line":702,"column":8},"end":{"line":702,"column":69}},"86":{"start":{"line":706,"column":8},"end":{"line":706,"column":47}},"87":{"start":{"line":707,"column":8},"end":{"line":707,"column":29}},"88":{"start":{"line":710,"column":8},"end":{"line":710,"column":46}},"89":{"start":{"line":712,"column":8},"end":{"line":712,"column":50}},"90":{"start":{"line":716,"column":8},"end":{"line":716,"column":38}},"91":{"start":{"line":717,"column":8},"end":{"line":717,"column":18}},"92":{"start":{"line":721,"column":8},"end":{"line":721,"column":43}},"93":{"start":{"line":722,"column":8},"end":{"line":722,"column":26509}},"94":{"start":{"line":723,"column":12},"end":{"line":723,"column":34}},"95":{"start":{"line":724,"column":12},"end":{"line":724,"column":54}},"96":{"start":{"line":725,"column":12},"end":{"line":725,"column":47}},"97":{"start":{"line":730,"column":8},"end":{"line":730,"column":26767}},"98":{"start":{"line":738,"column":8},"end":{"line":738,"column":68}},"99":{"start":{"line":741,"column":8},"end":{"line":741,"column":62}},"100":{"start":{"line":742,"column":8},"end":{"line":742,"column":46}},"101":{"start":{"line":743,"column":8},"end":{"line":743,"column":66}},"102":{"start":{"line":746,"column":8},"end":{"line":746,"column":29}},"103":{"start":{"line":748,"column":8},"end":{"line":748,"column":52}},"104":{"start":{"line":751,"column":8},"end":{"line":751,"column":46}},"105":{"start":{"line":753,"column":8},"end":{"line":753,"column":70}},"106":{"start":{"line":755,"column":8},"end":{"line":755,"column":79}},"107":{"start":{"line":757,"column":8},"end":{"line":757,"column":27877}},"108":{"start":{"line":758,"column":12},"end":{"line":758,"column":43}},"109":{"start":{"line":759,"column":12},"end":{"line":759,"column":18}},"110":{"start":{"line":763,"column":8},"end":{"line":763,"column":43}},"111":{"start":{"line":764,"column":8},"end":{"line":764,"column":42}},"112":{"start":{"line":765,"column":8},"end":{"line":765,"column":40}},"113":{"start":{"line":768,"column":8},"end":{"line":768,"column":56}},"114":{"start":{"line":769,"column":8},"end":{"line":769,"column":44}},"115":{"start":{"line":770,"column":8},"end":{"line":770,"column":45}},"116":{"start":{"line":771,"column":8},"end":{"line":771,"column":35}},"117":{"start":{"line":772,"column":8},"end":{"line":772,"column":28415}},"118":{"start":{"line":786,"column":8},"end":{"line":786,"column":40}},"119":{"start":{"line":787,"column":8},"end":{"line":787,"column":33}},"120":{"start":{"line":788,"column":8},"end":{"line":788,"column":45}},"121":{"start":{"line":789,"column":8},"end":{"line":789,"column":32}},"122":{"start":{"line":795,"column":8},"end":{"line":795,"column":61}},"123":{"start":{"line":796,"column":8},"end":{"line":796,"column":31}},"124":{"start":{"line":797,"column":8},"end":{"line":797,"column":59}},"125":{"start":{"line":798,"column":8},"end":{"line":798,"column":36}},"126":{"start":{"line":803,"column":8},"end":{"line":803,"column":73}},"127":{"start":{"line":806,"column":8},"end":{"line":806,"column":103}},"128":{"start":{"line":807,"column":8},"end":{"line":807,"column":46}},"129":{"start":{"line":809,"column":8},"end":{"line":809,"column":67}}},"branchMap":{"1":{"line":81,"type":"if","locations":[{"start":{"line":81,"column":8},"end":{"line":81,"column":8}},{"start":{"line":81,"column":8},"end":{"line":81,"column":8}}]},"2":{"line":111,"type":"if","locations":[{"start":{"line":111,"column":8},"end":{"line":111,"column":8}},{"start":{"line":111,"column":8},"end":{"line":111,"column":8}}]},"3":{"line":130,"type":"if","locations":[{"start":{"line":130,"column":8},"end":{"line":130,"column":8}},{"start":{"line":130,"column":8},"end":{"line":130,"column":8}}]},"4":{"line":135,"type":"if","locations":[{"start":{"line":135,"column":8},"end":{"line":135,"column":8}},{"start":{"line":135,"column":8},"end":{"line":135,"column":8}}]},"5":{"line":170,"type":"if","locations":[{"start":{"line":170,"column":8},"end":{"line":170,"column":8}},{"start":{"line":170,"column":8},"end":{"line":170,"column":8}}]},"6":{"line":206,"type":"if","locations":[{"start":{"line":206,"column":8},"end":{"line":206,"column":8}},{"start":{"line":206,"column":8},"end":{"line":206,"column":8}}]},"7":{"line":274,"type":"if","locations":[{"start":{"line":274,"column":8},"end":{"line":274,"column":8}},{"start":{"line":274,"column":8},"end":{"line":274,"column":8}}]},"8":{"line":309,"type":"if","locations":[{"start":{"line":309,"column":8},"end":{"line":309,"column":8}},{"start":{"line":309,"column":8},"end":{"line":309,"column":8}}]},"9":{"line":465,"type":"if","locations":[{"start":{"line":465,"column":8},"end":{"line":465,"column":8}},{"start":{"line":465,"column":8},"end":{"line":465,"column":8}}]},"10":{"line":469,"type":"if","locations":[{"start":{"line":469,"column":8},"end":{"line":469,"column":8}},{"start":{"line":469,"column":8},"end":{"line":469,"column":8}}]},"11":{"line":502,"type":"if","locations":[{"start":{"line":502,"column":8},"end":{"line":502,"column":8}},{"start":{"line":502,"column":8},"end":{"line":502,"column":8}}]},"12":{"line":533,"type":"if","locations":[{"start":{"line":533,"column":8},"end":{"line":533,"column":8}},{"start":{"line":533,"column":8},"end":{"line":533,"column":8}}]},"13":{"line":537,"type":"if","locations":[{"start":{"line":537,"column":8},"end":{"line":537,"column":8}},{"start":{"line":537,"column":8},"end":{"line":537,"column":8}}]},"14":{"line":539,"type":"if","locations":[{"start":{"line":539,"column":8},"end":{"line":539,"column":8}},{"start":{"line":539,"column":8},"end":{"line":539,"column":8}}]},"15":{"line":541,"type":"if","locations":[{"start":{"line":541,"column":12},"end":{"line":541,"column":12}},{"start":{"line":541,"column":12},"end":{"line":541,"column":12}}]},"16":{"line":629,"type":"if","locations":[{"start":{"line":629,"column":8},"end":{"line":629,"column":8}},{"start":{"line":629,"column":8},"end":{"line":629,"column":8}}]},"17":{"line":636,"type":"if","locations":[{"start":{"line":636,"column":8},"end":{"line":636,"column":8}},{"start":{"line":636,"column":8},"end":{"line":636,"column":8}}]},"18":{"line":666,"type":"if","locations":[{"start":{"line":666,"column":8},"end":{"line":666,"column":8}},{"start":{"line":666,"column":8},"end":{"line":666,"column":8}}]},"19":{"line":689,"type":"if","locations":[{"start":{"line":689,"column":8},"end":{"line":689,"column":8}},{"start":{"line":689,"column":8},"end":{"line":689,"column":8}}]},"20":{"line":693,"type":"if","locations":[{"start":{"line":693,"column":8},"end":{"line":693,"column":8}},{"start":{"line":693,"column":8},"end":{"line":693,"column":8}}]},"21":{"line":706,"type":"if","locations":[{"start":{"line":706,"column":8},"end":{"line":706,"column":8}},{"start":{"line":706,"column":8},"end":{"line":706,"column":8}}]},"22":{"line":722,"type":"if","locations":[{"start":{"line":722,"column":8},"end":{"line":722,"column":8}},{"start":{"line":722,"column":8},"end":{"line":722,"column":8}}]},"23":{"line":730,"type":"if","locations":[{"start":{"line":730,"column":8},"end":{"line":730,"column":8}},{"start":{"line":730,"column":8},"end":{"line":730,"column":8}}]},"24":{"line":743,"type":"if","locations":[{"start":{"line":743,"column":8},"end":{"line":743,"column":8}},{"start":{"line":743,"column":8},"end":{"line":743,"column":8}}]},"25":{"line":757,"type":"if","locations":[{"start":{"line":757,"column":8},"end":{"line":757,"column":8}},{"start":{"line":757,"column":8},"end":{"line":757,"column":8}}]},"26":{"line":795,"type":"if","locations":[{"start":{"line":795,"column":8},"end":{"line":795,"column":8}},{"start":{"line":795,"column":8},"end":{"line":795,"column":8}}]}}},"contracts/BoostToken.sol":{"l":{"42":721,"55":2,"58":294,"61":43,"62":39,"65":18,"68":90,"69":90,"72":294,"73":294,"74":294,"77":0,"78":0,"81":0,"82":0,"85":337,"86":337,"88":337,"89":333,"90":333,"93":23,"95":23,"96":23,"97":23,"98":23,"101":10,"103":10,"104":4,"105":4,"108":384,"109":384,"111":384,"112":384,"122":23,"123":23,"124":23,"127":1,"130":1,"133":1,"139":379,"140":379,"142":379,"145":4,"148":645,"149":635,"151":635,"154":0,"155":0,"158":0,"159":0,"161":0,"164":0,"168":0,"169":0,"171":0,"177":0,"178":0,"180":0,"181":0,"190":0,"194":0,"198":0,"201":0,"204":0,"207":0,"208":0,"210":0,"212":0,"227":23,"228":23,"230":23,"234":23,"235":23,"239":0,"240":0,"244":23,"245":23,"249":0,"250":0,"254":10},"path":"/Users/h/git/aluna/boosted-smart-contracts/contracts/BoostToken.sol","s":{"1":721,"2":2,"3":294,"4":43,"5":39,"6":18,"7":90,"8":90,"9":294,"10":294,"11":294,"12":0,"13":0,"14":0,"15":0,"16":337,"17":337,"18":337,"19":333,"20":333,"21":23,"22":23,"23":23,"24":23,"25":23,"26":10,"27":10,"28":4,"29":4,"30":384,"31":384,"32":384,"33":384,"34":23,"35":23,"36":23,"37":1,"38":1,"39":1,"40":379,"41":379,"42":379,"43":4,"44":645,"45":635,"46":635,"47":0,"48":0,"49":0,"50":0,"51":0,"52":0,"53":0,"54":0,"55":0,"56":0,"57":0,"58":0,"59":0,"60":0,"61":0,"62":0,"63":0,"64":0,"65":0,"66":0,"67":0,"68":23,"69":23,"70":23,"71":23,"72":23,"73":0,"74":0,"75":23,"76":23,"77":0,"78":0,"79":10},"b":{"1":[337,0],"2":[337,0],"3":[23,0],"4":[23,0],"5":[10,0],"6":[384,0],"7":[384,0],"8":[379,0],"9":[635,10],"10":[0,0],"11":[0,0],"12":[0,0],"13":[0,0],"14":[0,0],"15":[0,0],"16":[0,0],"17":[0,0],"18":[23,0],"19":[0,0],"20":[23,0],"21":[0,0]},"f":{"1":23,"2":721,"3":2,"4":294,"5":43,"6":18,"7":90,"8":294,"9":0,"10":0,"11":337,"12":23,"13":10,"14":384,"15":23,"16":1,"17":1,"18":1,"19":379,"20":4,"21":645,"22":0,"23":0,"24":0,"25":0,"26":0,"27":0,"28":0,"29":0,"30":23,"31":23,"32":0,"33":23,"34":0,"35":10},"fnMap":{"1":{"name":"constructor","line":38,"loc":{"start":{"line":38,"column":4},"end":{"line":38,"column":30}}},"2":{"name":"_msgSender","line":41,"loc":{"start":{"line":41,"column":4},"end":{"line":43,"column":4}}},"3":{"name":"totalSupply","line":54,"loc":{"start":{"line":54,"column":4},"end":{"line":56,"column":4}}},"4":{"name":"balanceOf","line":57,"loc":{"start":{"line":57,"column":4},"end":{"line":59,"column":4}}},"5":{"name":"transfer","line":60,"loc":{"start":{"line":60,"column":4},"end":{"line":63,"column":4}}},"6":{"name":"allowance","line":64,"loc":{"start":{"line":64,"column":4},"end":{"line":66,"column":4}}},"7":{"name":"approve","line":67,"loc":{"start":{"line":67,"column":4},"end":{"line":70,"column":4}}},"8":{"name":"transferFrom","line":71,"loc":{"start":{"line":71,"column":4},"end":{"line":75,"column":4}}},"9":{"name":"increaseAllowance","line":76,"loc":{"start":{"line":76,"column":4},"end":{"line":79,"column":4}}},"10":{"name":"decreaseAllowance","line":80,"loc":{"start":{"line":80,"column":4},"end":{"line":83,"column":4}}},"11":{"name":"_transfer","line":84,"loc":{"start":{"line":84,"column":4},"end":{"line":91,"column":4}}},"12":{"name":"_mint","line":92,"loc":{"start":{"line":92,"column":4},"end":{"line":99,"column":4}}},"13":{"name":"_burn","line":100,"loc":{"start":{"line":100,"column":4},"end":{"line":106,"column":4}}},"14":{"name":"_approve","line":107,"loc":{"start":{"line":107,"column":4},"end":{"line":113,"column":4}}},"15":{"name":"constructor","line":121,"loc":{"start":{"line":121,"column":4},"end":{"line":125,"column":4}}},"16":{"name":"name","line":126,"loc":{"start":{"line":126,"column":4},"end":{"line":128,"column":4}}},"17":{"name":"symbol","line":129,"loc":{"start":{"line":129,"column":4},"end":{"line":131,"column":4}}},"18":{"name":"decimals","line":132,"loc":{"start":{"line":132,"column":4},"end":{"line":134,"column":4}}},"19":{"name":"add","line":138,"loc":{"start":{"line":138,"column":4},"end":{"line":143,"column":4}}},"20":{"name":"sub","line":144,"loc":{"start":{"line":144,"column":4},"end":{"line":146,"column":4}}},"21":{"name":"sub","line":147,"loc":{"start":{"line":147,"column":4},"end":{"line":152,"column":4}}},"22":{"name":"mul","line":153,"loc":{"start":{"line":153,"column":4},"end":{"line":162,"column":4}}},"23":{"name":"div","line":163,"loc":{"start":{"line":163,"column":4},"end":{"line":165,"column":4}}},"24":{"name":"div","line":166,"loc":{"start":{"line":166,"column":4},"end":{"line":172,"column":4}}},"25":{"name":"isContract","line":176,"loc":{"start":{"line":176,"column":4},"end":{"line":182,"column":4}}},"26":{"name":"safeTransfer","line":189,"loc":{"start":{"line":189,"column":4},"end":{"line":191,"column":4}}},"27":{"name":"safeTransferFrom","line":193,"loc":{"start":{"line":193,"column":4},"end":{"line":195,"column":4}}},"28":{"name":"safeApprove","line":197,"loc":{"start":{"line":197,"column":4},"end":{"line":202,"column":4}}},"29":{"name":"callOptionalReturn","line":203,"loc":{"start":{"line":203,"column":4},"end":{"line":214,"column":4}}},"30":{"name":"constructor","line":226,"loc":{"start":{"line":226,"column":4},"end":{"line":231,"column":4}}},"31":{"name":"mint","line":233,"loc":{"start":{"line":233,"column":4},"end":{"line":236,"column":4}}},"32":{"name":"setGovernance","line":238,"loc":{"start":{"line":238,"column":4},"end":{"line":241,"column":4}}},"33":{"name":"addMinter","line":243,"loc":{"start":{"line":243,"column":4},"end":{"line":246,"column":4}}},"34":{"name":"removeMinter","line":248,"loc":{"start":{"line":248,"column":4},"end":{"line":251,"column":4}}},"35":{"name":"burn","line":253,"loc":{"start":{"line":253,"column":4},"end":{"line":255,"column":4}}}},"statementMap":{"1":{"start":{"line":42,"column":8},"end":{"line":42,"column":25}},"2":{"start":{"line":55,"column":8},"end":{"line":55,"column":27}},"3":{"start":{"line":58,"column":8},"end":{"line":58,"column":33}},"4":{"start":{"line":61,"column":8},"end":{"line":61,"column":49}},"5":{"start":{"line":62,"column":8},"end":{"line":62,"column":19}},"6":{"start":{"line":65,"column":8},"end":{"line":65,"column":42}},"7":{"start":{"line":68,"column":8},"end":{"line":68,"column":46}},"8":{"start":{"line":69,"column":8},"end":{"line":69,"column":19}},"9":{"start":{"line":72,"column":8},"end":{"line":72,"column":43}},"10":{"start":{"line":73,"column":8},"end":{"line":73,"column":128}},"11":{"start":{"line":74,"column":8},"end":{"line":74,"column":19}},"12":{"start":{"line":77,"column":8},"end":{"line":77,"column":90}},"13":{"start":{"line":78,"column":8},"end":{"line":78,"column":19}},"14":{"start":{"line":81,"column":8},"end":{"line":81,"column":136}},"15":{"start":{"line":82,"column":8},"end":{"line":82,"column":19}},"16":{"start":{"line":85,"column":8},"end":{"line":85,"column":77}},"17":{"start":{"line":86,"column":8},"end":{"line":86,"column":78}},"18":{"start":{"line":88,"column":8},"end":{"line":88,"column":98}},"19":{"start":{"line":89,"column":8},"end":{"line":89,"column":62}},"20":{"start":{"line":90,"column":8},"end":{"line":90,"column":48}},"21":{"start":{"line":93,"column":8},"end":{"line":93,"column":72}},"22":{"start":{"line":95,"column":8},"end":{"line":95,"column":46}},"23":{"start":{"line":96,"column":8},"end":{"line":96,"column":70}},"24":{"start":{"line":97,"column":8},"end":{"line":97,"column":58}},"25":{"start":{"line":98,"column":8},"end":{"line":98,"column":50}},"26":{"start":{"line":101,"column":8},"end":{"line":101,"column":74}},"27":{"start":{"line":103,"column":8},"end":{"line":103,"column":96}},"28":{"start":{"line":104,"column":8},"end":{"line":104,"column":46}},"29":{"start":{"line":105,"column":8},"end":{"line":105,"column":50}},"30":{"start":{"line":108,"column":8},"end":{"line":108,"column":75}},"31":{"start":{"line":109,"column":8},"end":{"line":109,"column":75}},"32":{"start":{"line":111,"column":8},"end":{"line":111,"column":43}},"33":{"start":{"line":112,"column":8},"end":{"line":112,"column":45}},"34":{"start":{"line":122,"column":8},"end":{"line":122,"column":19}},"35":{"start":{"line":123,"column":8},"end":{"line":123,"column":23}},"36":{"start":{"line":124,"column":8},"end":{"line":124,"column":27}},"37":{"start":{"line":127,"column":8},"end":{"line":127,"column":20}},"38":{"start":{"line":130,"column":8},"end":{"line":130,"column":22}},"39":{"start":{"line":133,"column":8},"end":{"line":133,"column":24}},"40":{"start":{"line":139,"column":8},"end":{"line":139,"column":22}},"41":{"start":{"line":140,"column":8},"end":{"line":140,"column":53}},"42":{"start":{"line":142,"column":8},"end":{"line":142,"column":16}},"43":{"start":{"line":145,"column":8},"end":{"line":145,"column":58}},"44":{"start":{"line":148,"column":8},"end":{"line":148,"column":36}},"45":{"start":{"line":149,"column":8},"end":{"line":149,"column":22}},"46":{"start":{"line":151,"column":8},"end":{"line":151,"column":16}},"47":{"start":{"line":154,"column":8},"end":{"line":154,"column":6277}},"48":{"start":{"line":155,"column":12},"end":{"line":155,"column":20}},"49":{"start":{"line":158,"column":8},"end":{"line":158,"column":22}},"50":{"start":{"line":159,"column":8},"end":{"line":159,"column":63}},"51":{"start":{"line":161,"column":8},"end":{"line":161,"column":16}},"52":{"start":{"line":164,"column":8},"end":{"line":164,"column":54}},"53":{"start":{"line":168,"column":8},"end":{"line":168,"column":35}},"54":{"start":{"line":169,"column":8},"end":{"line":169,"column":22}},"55":{"start":{"line":171,"column":8},"end":{"line":171,"column":16}},"56":{"start":{"line":177,"column":8},"end":{"line":177,"column":24}},"57":{"start":{"line":178,"column":8},"end":{"line":178,"column":96}},"58":{"start":{"line":181,"column":8},"end":{"line":181,"column":59}},"59":{"start":{"line":190,"column":8},"end":{"line":190,"column":92}},"60":{"start":{"line":194,"column":8},"end":{"line":194,"column":102}},"61":{"start":{"line":198,"column":8},"end":{"line":198,"column":7757}},"62":{"start":{"line":201,"column":8},"end":{"line":201,"column":96}},"63":{"start":{"line":204,"column":8},"end":{"line":204,"column":78}},"64":{"start":{"line":207,"column":8},"end":{"line":207,"column":75}},"65":{"start":{"line":208,"column":8},"end":{"line":208,"column":59}},"66":{"start":{"line":210,"column":8},"end":{"line":210,"column":8378}},"67":{"start":{"line":212,"column":12},"end":{"line":212,"column":96}},"68":{"start":{"line":227,"column":8},"end":{"line":227,"column":30}},"69":{"start":{"line":228,"column":8},"end":{"line":228,"column":28}},"70":{"start":{"line":230,"column":8},"end":{"line":230,"column":29}},"71":{"start":{"line":234,"column":8},"end":{"line":234,"column":46}},"72":{"start":{"line":235,"column":8},"end":{"line":235,"column":29}},"73":{"start":{"line":239,"column":8},"end":{"line":239,"column":55}},"74":{"start":{"line":240,"column":8},"end":{"line":240,"column":31}},"75":{"start":{"line":244,"column":8},"end":{"line":244,"column":55}},"76":{"start":{"line":245,"column":8},"end":{"line":245,"column":30}},"77":{"start":{"line":249,"column":8},"end":{"line":249,"column":55}},"78":{"start":{"line":250,"column":8},"end":{"line":250,"column":31}},"79":{"start":{"line":254,"column":8},"end":{"line":254,"column":32}}},"branchMap":{"1":{"line":85,"type":"if","locations":[{"start":{"line":85,"column":8},"end":{"line":85,"column":8}},{"start":{"line":85,"column":8},"end":{"line":85,"column":8}}]},"2":{"line":86,"type":"if","locations":[{"start":{"line":86,"column":8},"end":{"line":86,"column":8}},{"start":{"line":86,"column":8},"end":{"line":86,"column":8}}]},"3":{"line":93,"type":"if","locations":[{"start":{"line":93,"column":8},"end":{"line":93,"column":8}},{"start":{"line":93,"column":8},"end":{"line":93,"column":8}}]},"4":{"line":96,"type":"if","locations":[{"start":{"line":96,"column":8},"end":{"line":96,"column":8}},{"start":{"line":96,"column":8},"end":{"line":96,"column":8}}]},"5":{"line":101,"type":"if","locations":[{"start":{"line":101,"column":8},"end":{"line":101,"column":8}},{"start":{"line":101,"column":8},"end":{"line":101,"column":8}}]},"6":{"line":108,"type":"if","locations":[{"start":{"line":108,"column":8},"end":{"line":108,"column":8}},{"start":{"line":108,"column":8},"end":{"line":108,"column":8}}]},"7":{"line":109,"type":"if","locations":[{"start":{"line":109,"column":8},"end":{"line":109,"column":8}},{"start":{"line":109,"column":8},"end":{"line":109,"column":8}}]},"8":{"line":140,"type":"if","locations":[{"start":{"line":140,"column":8},"end":{"line":140,"column":8}},{"start":{"line":140,"column":8},"end":{"line":140,"column":8}}]},"9":{"line":148,"type":"if","locations":[{"start":{"line":148,"column":8},"end":{"line":148,"column":8}},{"start":{"line":148,"column":8},"end":{"line":148,"column":8}}]},"10":{"line":154,"type":"if","locations":[{"start":{"line":154,"column":8},"end":{"line":154,"column":8}},{"start":{"line":154,"column":8},"end":{"line":154,"column":8}}]},"11":{"line":159,"type":"if","locations":[{"start":{"line":159,"column":8},"end":{"line":159,"column":8}},{"start":{"line":159,"column":8},"end":{"line":159,"column":8}}]},"12":{"line":168,"type":"if","locations":[{"start":{"line":168,"column":8},"end":{"line":168,"column":8}},{"start":{"line":168,"column":8},"end":{"line":168,"column":8}}]},"13":{"line":198,"type":"if","locations":[{"start":{"line":198,"column":8},"end":{"line":198,"column":8}},{"start":{"line":198,"column":8},"end":{"line":198,"column":8}}]},"14":{"line":204,"type":"if","locations":[{"start":{"line":204,"column":8},"end":{"line":204,"column":8}},{"start":{"line":204,"column":8},"end":{"line":204,"column":8}}]},"15":{"line":208,"type":"if","locations":[{"start":{"line":208,"column":8},"end":{"line":208,"column":8}},{"start":{"line":208,"column":8},"end":{"line":208,"column":8}}]},"16":{"line":210,"type":"if","locations":[{"start":{"line":210,"column":8},"end":{"line":210,"column":8}},{"start":{"line":210,"column":8},"end":{"line":210,"column":8}}]},"17":{"line":212,"type":"if","locations":[{"start":{"line":212,"column":12},"end":{"line":212,"column":12}},{"start":{"line":212,"column":12},"end":{"line":212,"column":12}}]},"18":{"line":234,"type":"if","locations":[{"start":{"line":234,"column":8},"end":{"line":234,"column":8}},{"start":{"line":234,"column":8},"end":{"line":234,"column":8}}]},"19":{"line":239,"type":"if","locations":[{"start":{"line":239,"column":8},"end":{"line":239,"column":8}},{"start":{"line":239,"column":8},"end":{"line":239,"column":8}}]},"20":{"line":244,"type":"if","locations":[{"start":{"line":244,"column":8},"end":{"line":244,"column":8}},{"start":{"line":244,"column":8},"end":{"line":244,"column":8}}]},"21":{"line":249,"type":"if","locations":[{"start":{"line":249,"column":8},"end":{"line":249,"column":8}},{"start":{"line":249,"column":8},"end":{"line":249,"column":8}}]}}},"contracts/IUniswapV2Factory.sol":{"l":{},"path":"/Users/h/git/aluna/boosted-smart-contracts/contracts/IUniswapV2Factory.sol","s":{},"b":{},"f":{},"fnMap":{},"statementMap":{},"branchMap":{}},"contracts/mock/Token.sol":{"l":{"16":35,"17":35,"18":35,"19":35},"path":"/Users/h/git/aluna/boosted-smart-contracts/contracts/mock/Token.sol","s":{"1":35,"2":35,"3":35,"4":35},"b":{},"f":{"1":35},"fnMap":{"1":{"name":"constructor","line":11,"loc":{"start":{"line":11,"column":4},"end":{"line":20,"column":4}}}},"statementMap":{"1":{"start":{"line":16,"column":8},"end":{"line":16,"column":19}},"2":{"start":{"line":17,"column":8},"end":{"line":17,"column":23}},"3":{"start":{"line":18,"column":8},"end":{"line":18,"column":27}},"4":{"start":{"line":19,"column":8},"end":{"line":19,"column":39}}},"branchMap":{}},"contracts/mock/WETH.sol":{"l":{"18":18,"22":612,"23":612,"27":0,"28":0,"29":0,"30":0,"34":0,"38":0,"39":0,"40":0,"44":579,"51":579,"53":579,"54":0,"55":0,"58":579,"59":579,"61":579,"63":579},"path":"/Users/h/git/aluna/boosted-smart-contracts/contracts/mock/WETH.sol","s":{"1":18,"2":612,"3":612,"4":0,"5":0,"6":0,"7":0,"8":0,"9":0,"10":0,"11":0,"12":579,"13":579,"14":579,"15":0,"16":0,"17":579,"18":579,"19":579,"20":579},"b":{"1":[0,0],"2":[579,0],"3":[0,579],"4":[0,0]},"f":{"1":18,"2":612,"3":0,"4":0,"5":0,"6":579,"7":579},"fnMap":{"1":{"name":"constructor","line":17,"loc":{"start":{"line":17,"column":4},"end":{"line":19,"column":4}}},"2":{"name":"deposit","line":21,"loc":{"start":{"line":21,"column":4},"end":{"line":24,"column":4}}},"3":{"name":"withdraw","line":26,"loc":{"start":{"line":26,"column":4},"end":{"line":31,"column":4}}},"4":{"name":"totalSupply","line":33,"loc":{"start":{"line":33,"column":4},"end":{"line":35,"column":4}}},"5":{"name":"approve","line":37,"loc":{"start":{"line":37,"column":4},"end":{"line":41,"column":4}}},"6":{"name":"transfer","line":43,"loc":{"start":{"line":43,"column":4},"end":{"line":45,"column":4}}},"7":{"name":"transferFrom","line":47,"loc":{"start":{"line":47,"column":4},"end":{"line":64,"column":4}}}},"statementMap":{"1":{"start":{"line":18,"column":8},"end":{"line":18,"column":16}},"2":{"start":{"line":22,"column":8},"end":{"line":22,"column":41}},"3":{"start":{"line":23,"column":8},"end":{"line":23,"column":43}},"4":{"start":{"line":27,"column":8},"end":{"line":27,"column":44}},"5":{"start":{"line":28,"column":8},"end":{"line":28,"column":35}},"6":{"start":{"line":29,"column":8},"end":{"line":29,"column":31}},"7":{"start":{"line":30,"column":8},"end":{"line":30,"column":40}},"8":{"start":{"line":34,"column":8},"end":{"line":34,"column":36}},"9":{"start":{"line":38,"column":8},"end":{"line":38,"column":39}},"10":{"start":{"line":39,"column":8},"end":{"line":39,"column":43}},"11":{"start":{"line":40,"column":8},"end":{"line":40,"column":19}},"12":{"start":{"line":44,"column":8},"end":{"line":44,"column":49}},"13":{"start":{"line":51,"column":8},"end":{"line":51,"column":37}},"14":{"start":{"line":53,"column":8},"end":{"line":53,"column":1538}},"15":{"start":{"line":54,"column":12},"end":{"line":54,"column":53}},"16":{"start":{"line":55,"column":12},"end":{"line":55,"column":44}},"17":{"start":{"line":58,"column":8},"end":{"line":58,"column":28}},"18":{"start":{"line":59,"column":8},"end":{"line":59,"column":28}},"19":{"start":{"line":61,"column":8},"end":{"line":61,"column":36}},"20":{"start":{"line":63,"column":8},"end":{"line":63,"column":19}}},"branchMap":{"1":{"line":27,"type":"if","locations":[{"start":{"line":27,"column":8},"end":{"line":27,"column":8}},{"start":{"line":27,"column":8},"end":{"line":27,"column":8}}]},"2":{"line":51,"type":"if","locations":[{"start":{"line":51,"column":8},"end":{"line":51,"column":8}},{"start":{"line":51,"column":8},"end":{"line":51,"column":8}}]},"3":{"line":53,"type":"if","locations":[{"start":{"line":53,"column":8},"end":{"line":53,"column":8}},{"start":{"line":53,"column":8},"end":{"line":53,"column":8}}]},"4":{"line":54,"type":"if","locations":[{"start":{"line":54,"column":12},"end":{"line":54,"column":12}},{"start":{"line":54,"column":12},"end":{"line":54,"column":12}}]}}}}